worker/src/lib.rs:31 [2024-10-05T22:55:49.630] [INFO] - init worker...
worker/src/lib.rs:18 [2024-10-05T22:55:49.631] [INFO] - start parsing config from config.toml
worker/src/lib.rs:20 [2024-10-05T22:55:49.633] [INFO] - TomlData { config: Config { broker: "Basetest", symbol: "BTCUSDT", strategy: "BaseOracle" } }
worker/src/main.rs:62 [2024-10-05T22:56:08.942] [INFO] - POST request received, payload: DataStream {
    price: "bar",
}
worker/src/lib.rs:39 [2024-10-05T22:56:08.943] [INFO] - running...
worker/src/lib.rs:41 [2024-10-05T22:56:09.948] [INFO] - finished
data_feed/src/lib.rs:17 [2024-10-05T22:56:09.948] [INFO] - get data from stream
strategy/src/lib.rs:17 [2024-10-05T22:56:09.948] [INFO] - handle strategy
portfolio/src/lib.rs:11 [2024-10-05T22:56:09.949] [INFO] - Making Order
worker/src/main.rs:62 [2024-10-05T22:57:30.438] [INFO] - POST request received, payload: DataStream {
    price: "bar",
}
worker/src/lib.rs:39 [2024-10-05T22:57:30.439] [INFO] - running...
worker/src/lib.rs:41 [2024-10-05T22:57:31.444] [INFO] - finished
data_feed/src/lib.rs:17 [2024-10-05T22:57:31.444] [INFO] - get data from stream
strategy/src/lib.rs:17 [2024-10-05T22:57:31.444] [INFO] - handle strategy
portfolio/src/lib.rs:11 [2024-10-05T22:57:31.445] [INFO] - Making Order
worker/src/main.rs:62 [2024-10-05T23:00:54.144] [INFO] - POST request received, payload: DataStream {
    price: "bar",
}
worker/src/lib.rs:39 [2024-10-05T23:00:54.145] [INFO] - running...
worker/src/lib.rs:41 [2024-10-05T23:00:55.150] [INFO] - finished
data_feed/src/lib.rs:17 [2024-10-05T23:00:55.150] [INFO] - get data from stream
strategy/src/lib.rs:17 [2024-10-05T23:00:55.150] [INFO] - handle strategy
portfolio/src/lib.rs:11 [2024-10-05T23:00:55.151] [INFO] - Making Order
worker/src/main.rs:62 [2024-10-05T23:02:57.200] [INFO] - POST request received, payload: DataStream {
    price: "bar",
}
worker/src/lib.rs:39 [2024-10-05T23:02:57.201] [INFO] - running...
worker/src/lib.rs:41 [2024-10-05T23:02:58.202] [INFO] - finished
data_feed/src/lib.rs:17 [2024-10-05T23:02:58.203] [INFO] - get data from stream
strategy/src/lib.rs:17 [2024-10-05T23:02:58.203] [INFO] - handle strategy
portfolio/src/lib.rs:11 [2024-10-05T23:02:58.203] [INFO] - Making Order
worker/src/main.rs:62 [2024-10-05T23:03:57.220] [INFO] - POST request received, payload: DataStream {
    price: "bar",
}
worker/src/lib.rs:39 [2024-10-05T23:03:57.221] [INFO] - running...
worker/src/lib.rs:41 [2024-10-05T23:03:58.230] [INFO] - finished
data_feed/src/lib.rs:17 [2024-10-05T23:03:58.230] [INFO] - get data from stream
strategy/src/lib.rs:17 [2024-10-05T23:03:58.230] [INFO] - handle strategy
portfolio/src/lib.rs:11 [2024-10-05T23:03:58.230] [INFO] - Making Order
worker/src/main.rs:62 [2024-10-05T23:05:35.830] [INFO] - POST request received, payload: DataStream {
    price: "bar",
}
worker/src/lib.rs:39 [2024-10-05T23:05:35.831] [INFO] - running...
worker/src/lib.rs:41 [2024-10-05T23:05:36.833] [INFO] - finished
data_feed/src/lib.rs:17 [2024-10-05T23:05:36.834] [INFO] - get data from stream
strategy/src/lib.rs:17 [2024-10-05T23:05:36.834] [INFO] - handle strategy
portfolio/src/lib.rs:11 [2024-10-05T23:05:36.834] [INFO] - Making Order
worker/src/main.rs:62 [2024-10-05T23:07:04.202] [INFO] - POST request received, payload: DataStream {
    price: "bar",
}
worker/src/lib.rs:39 [2024-10-05T23:07:04.202] [INFO] - running...
worker/src/lib.rs:41 [2024-10-05T23:07:05.206] [INFO] - finished
data_feed/src/lib.rs:17 [2024-10-05T23:07:05.206] [INFO] - get data from stream
strategy/src/lib.rs:17 [2024-10-05T23:07:05.207] [INFO] - handle strategy
portfolio/src/lib.rs:11 [2024-10-05T23:07:05.207] [INFO] - Making Order
worker/src/main.rs:62 [2024-10-05T23:07:13.735] [INFO] - POST request received, payload: DataStream {
    price: "bar",
}
worker/src/lib.rs:39 [2024-10-05T23:07:13.735] [INFO] - running...
worker/src/lib.rs:41 [2024-10-05T23:07:14.736] [INFO] - finished
data_feed/src/lib.rs:17 [2024-10-05T23:07:14.737] [INFO] - get data from stream
strategy/src/lib.rs:17 [2024-10-05T23:07:14.737] [INFO] - handle strategy
portfolio/src/lib.rs:11 [2024-10-05T23:07:14.737] [INFO] - Making Order
worker/src/main.rs:62 [2024-10-05T23:07:25.126] [INFO] - POST request received, payload: DataStream {
    price: "bar",
}
worker/src/lib.rs:39 [2024-10-05T23:07:25.127] [INFO] - running...
worker/src/lib.rs:41 [2024-10-05T23:07:26.133] [INFO] - finished
data_feed/src/lib.rs:17 [2024-10-05T23:07:26.133] [INFO] - get data from stream
strategy/src/lib.rs:17 [2024-10-05T23:07:26.133] [INFO] - handle strategy
portfolio/src/lib.rs:11 [2024-10-05T23:07:26.134] [INFO] - Making Order
worker/src/main.rs:62 [2024-10-05T23:07:50.062] [INFO] - POST request received, payload: DataStream {
    price: "bar",
}
worker/src/lib.rs:39 [2024-10-05T23:07:50.062] [INFO] - running...
worker/src/lib.rs:41 [2024-10-05T23:07:51.063] [INFO] - finished
data_feed/src/lib.rs:17 [2024-10-05T23:07:51.064] [INFO] - get data from stream
strategy/src/lib.rs:17 [2024-10-05T23:07:51.064] [INFO] - handle strategy
portfolio/src/lib.rs:11 [2024-10-05T23:07:51.064] [INFO] - Making Order
worker/src/main.rs:62 [2024-10-05T23:09:14.526] [INFO] - POST request received, payload: DataStream {
    price: "bar",
}
worker/src/lib.rs:39 [2024-10-05T23:09:14.526] [INFO] - running...
worker/src/lib.rs:41 [2024-10-05T23:09:15.527] [INFO] - finished
data_feed/src/lib.rs:17 [2024-10-05T23:09:15.528] [INFO] - get data from stream
strategy/src/lib.rs:17 [2024-10-05T23:09:15.528] [INFO] - handle strategy
portfolio/src/lib.rs:11 [2024-10-05T23:09:15.528] [INFO] - Making Order
worker/src/main.rs:62 [2024-10-05T23:09:50.251] [INFO] - POST request received, payload: DataStream {
    price: "bar",
}
worker/src/lib.rs:39 [2024-10-05T23:09:50.252] [INFO] - running...
worker/src/lib.rs:41 [2024-10-05T23:09:51.256] [INFO] - finished
data_feed/src/lib.rs:17 [2024-10-05T23:09:51.257] [INFO] - get data from stream
strategy/src/lib.rs:17 [2024-10-05T23:09:51.257] [INFO] - handle strategy
portfolio/src/lib.rs:11 [2024-10-05T23:09:51.257] [INFO] - Making Order
worker/src/main.rs:62 [2024-10-05T23:15:42.568] [INFO] - POST request received, payload: DataStream {
    price: "bar",
}
worker/src/lib.rs:39 [2024-10-05T23:15:42.568] [INFO] - running...
worker/src/lib.rs:41 [2024-10-05T23:15:43.569] [INFO] - finished
data_feed/src/lib.rs:17 [2024-10-05T23:15:43.570] [INFO] - get data from stream
strategy/src/lib.rs:17 [2024-10-05T23:15:43.570] [INFO] - handle strategy
portfolio/src/lib.rs:11 [2024-10-05T23:15:43.570] [INFO] - Making Order
worker/src/main.rs:62 [2024-10-05T23:15:47.675] [INFO] - POST request received, payload: DataStream {
    price: "bar",
}
worker/src/lib.rs:39 [2024-10-05T23:15:47.675] [INFO] - running...
worker/src/lib.rs:41 [2024-10-05T23:15:48.677] [INFO] - finished
data_feed/src/lib.rs:17 [2024-10-05T23:15:48.678] [INFO] - get data from stream
strategy/src/lib.rs:17 [2024-10-05T23:15:48.678] [INFO] - handle strategy
portfolio/src/lib.rs:11 [2024-10-05T23:15:48.678] [INFO] - Making Order
worker/src/main.rs:62 [2024-10-05T23:16:09.848] [INFO] - POST request received, payload: DataStream {
    price: "bar",
}
worker/src/lib.rs:39 [2024-10-05T23:16:09.849] [INFO] - running...
worker/src/lib.rs:41 [2024-10-05T23:16:10.854] [INFO] - finished
data_feed/src/lib.rs:17 [2024-10-05T23:16:10.854] [INFO] - get data from stream
strategy/src/lib.rs:17 [2024-10-05T23:16:10.854] [INFO] - handle strategy
portfolio/src/lib.rs:11 [2024-10-05T23:16:10.854] [INFO] - Making Order
worker/src/main.rs:62 [2024-10-05T23:17:45.076] [INFO] - POST request received, payload: DataStream {
    price: "bar",
}
worker/src/lib.rs:39 [2024-10-05T23:17:45.076] [INFO] - running...
worker/src/lib.rs:41 [2024-10-05T23:17:46.080] [INFO] - finished
data_feed/src/lib.rs:17 [2024-10-05T23:17:46.080] [INFO] - get data from stream
strategy/src/lib.rs:17 [2024-10-05T23:17:46.080] [INFO] - handle strategy
portfolio/src/lib.rs:11 [2024-10-05T23:17:46.080] [INFO] - Making Order
worker/src/main.rs:62 [2024-10-05T23:18:05.257] [INFO] - POST request received, payload: DataStream {
    price: "bar",
}
worker/src/lib.rs:39 [2024-10-05T23:18:05.258] [INFO] - running...
worker/src/lib.rs:41 [2024-10-05T23:18:06.263] [INFO] - finished
data_feed/src/lib.rs:17 [2024-10-05T23:18:06.263] [INFO] - get data from stream
strategy/src/lib.rs:17 [2024-10-05T23:18:06.264] [INFO] - handle strategy
portfolio/src/lib.rs:11 [2024-10-05T23:18:06.264] [INFO] - Making Order
worker/src/main.rs:62 [2024-10-05T23:23:39.072] [INFO] - POST request received, payload: DataStream {
    price: "bar",
}
worker/src/lib.rs:39 [2024-10-05T23:23:39.073] [INFO] - running...
worker/src/lib.rs:41 [2024-10-05T23:23:40.077] [INFO] - finished
data_feed/src/lib.rs:17 [2024-10-05T23:23:40.078] [INFO] - get data from stream
strategy/src/lib.rs:17 [2024-10-05T23:23:40.078] [INFO] - handle strategy
portfolio/src/lib.rs:11 [2024-10-05T23:23:40.078] [INFO] - Making Order
worker/src/main.rs:62 [2024-10-05T23:24:51.193] [INFO] - POST request received, payload: DataStream {
    price: "bar",
}
worker/src/lib.rs:39 [2024-10-05T23:24:51.193] [INFO] - running...
worker/src/lib.rs:41 [2024-10-05T23:24:52.198] [INFO] - finished
data_feed/src/lib.rs:17 [2024-10-05T23:24:52.199] [INFO] - get data from stream
strategy/src/lib.rs:17 [2024-10-05T23:24:52.199] [INFO] - handle strategy
portfolio/src/lib.rs:11 [2024-10-05T23:24:52.199] [INFO] - Making Order
